<?xml version="1.0" encoding="UTF-8"?>
<testng-results skipped="0" failed="1" ignored="0" total="3" passed="2">
  <reporter-output>
  </reporter-output>
  <suite name="com.harshita.selenium.testcases.HomePageTest" duration-ms="125086" started-at="2021-10-13T08:50:55 IST" finished-at="2021-10-13T08:53:00 IST">
    <groups>
    </groups>
    <test name="Command line test" duration-ms="125086" started-at="2021-10-13T08:50:55 IST" finished-at="2021-10-13T08:53:00 IST">
      <class name="com.harshita.selenium.testcases.HomePageTest">
        <test-method status="FAIL" signature="TC_01(java.util.Hashtable)[pri:0, instance:com.harshita.selenium.testcases.HomePageTest@520a3426]" name="TC_01" duration-ms="58147" started-at="2021-10-13T08:50:57 IST" data-provider="TC_001DataProvider" finished-at="2021-10-13T08:51:55 IST">
          <params>
            <param index="0">
              <value>
                <![CDATA[{Password=Test@5654, UserName=harshitaTest123}]]>
              </value>
            </param>
          </params>
          <exception class="java.lang.AssertionError">
            <message>
              <![CDATA[expected [Email should be present in the account] but found [There is no email in the account]]]>
            </message>
            <full-stacktrace>
              <![CDATA[java.lang.AssertionError: expected [Email should be present in the account] but found [There is no email in the account]
at org.testng.Assert.fail(Assert.java:99)
at org.testng.Assert.failNotEquals(Assert.java:1037)
at org.testng.Assert.assertEqualsImpl(Assert.java:140)
at org.testng.Assert.assertEquals(Assert.java:122)
at org.testng.Assert.assertEquals(Assert.java:629)
at org.testng.Assert.assertEquals(Assert.java:639)
at com.harshita.selenium.testcases.HomePageTest.TC_01(HomePageTest.java:29)
at sun.reflect.NativeMethodAccessorImpl.invoke0(Native Method)
at sun.reflect.NativeMethodAccessorImpl.invoke(NativeMethodAccessorImpl.java:62)
at sun.reflect.DelegatingMethodAccessorImpl.invoke(DelegatingMethodAccessorImpl.java:43)
at java.lang.reflect.Method.invoke(Method.java:498)
at org.testng.internal.MethodInvocationHelper.invokeMethod(MethodInvocationHelper.java:133)
at org.testng.internal.TestInvoker.invokeMethod(TestInvoker.java:598)
at org.testng.internal.TestInvoker.invokeTestMethod(TestInvoker.java:173)
at org.testng.internal.MethodRunner.runInSequence(MethodRunner.java:46)
at org.testng.internal.TestInvoker$MethodInvocationAgent.invoke(TestInvoker.java:824)
at org.testng.internal.TestInvoker.invokeTestMethods(TestInvoker.java:146)
at org.testng.internal.TestMethodWorker.invokeTestMethods(TestMethodWorker.java:146)
at org.testng.internal.TestMethodWorker.run(TestMethodWorker.java:128)
at java.util.ArrayList.forEach(ArrayList.java:1259)
at org.testng.TestRunner.privateRun(TestRunner.java:794)
at org.testng.TestRunner.run(TestRunner.java:596)
at org.testng.SuiteRunner.runTest(SuiteRunner.java:377)
at org.testng.SuiteRunner.runSequentially(SuiteRunner.java:371)
at org.testng.SuiteRunner.privateRun(SuiteRunner.java:332)
at org.testng.SuiteRunner.run(SuiteRunner.java:276)
at org.testng.SuiteRunnerWorker.runSuite(SuiteRunnerWorker.java:53)
at org.testng.SuiteRunnerWorker.run(SuiteRunnerWorker.java:96)
at org.testng.TestNG.runSuitesSequentially(TestNG.java:1212)
at org.testng.TestNG.runSuitesLocally(TestNG.java:1134)
at org.testng.TestNG.runSuites(TestNG.java:1063)
at org.testng.TestNG.run(TestNG.java:1031)
at org.apache.maven.surefire.testng.TestNGExecutor.run(TestNGExecutor.java:77)
at org.apache.maven.surefire.testng.TestNGDirectoryTestSuite.execute(TestNGDirectoryTestSuite.java:110)
at org.apache.maven.surefire.testng.TestNGProvider.invoke(TestNGProvider.java:106)
at sun.reflect.NativeMethodAccessorImpl.invoke0(Native Method)
at sun.reflect.NativeMethodAccessorImpl.invoke(NativeMethodAccessorImpl.java:62)
at sun.reflect.DelegatingMethodAccessorImpl.invoke(DelegatingMethodAccessorImpl.java:43)
at java.lang.reflect.Method.invoke(Method.java:498)
at org.apache.maven.surefire.util.ReflectionUtils.invokeMethodWithArray(ReflectionUtils.java:189)
at org.apache.maven.surefire.booter.ProviderFactory$ProviderProxy.invoke(ProviderFactory.java:165)
at org.apache.maven.surefire.booter.ProviderFactory.invokeProvider(ProviderFactory.java:85)
at org.apache.maven.surefire.booter.ForkedBooter.runSuitesInProcess(ForkedBooter.java:115)
at org.apache.maven.surefire.booter.ForkedBooter.main(ForkedBooter.java:75)
]]>
            </full-stacktrace>
          </exception> <!-- java.lang.AssertionError -->
          <reporter-output>
          </reporter-output>
        </test-method> <!-- TC_01 -->
        <test-method status="PASS" signature="pageObjectsDeinitialisation()[pri:0, instance:com.harshita.selenium.testcases.HomePageTest@520a3426]" name="pageObjectsDeinitialisation" is-config="true" duration-ms="519" started-at="2021-10-13T08:51:55 IST" finished-at="2021-10-13T08:51:56 IST">
          <reporter-output>
          </reporter-output>
        </test-method> <!-- pageObjectsDeinitialisation -->
        <test-method status="PASS" signature="TC_01(java.util.Hashtable)[pri:0, instance:com.harshita.selenium.testcases.HomePageTest@520a3426]" name="TC_01" duration-ms="13999" started-at="2021-10-13T08:51:56 IST" data-provider="TC_001DataProvider" finished-at="2021-10-13T08:52:10 IST">
          <params>
            <param index="0">
              <value>
                <![CDATA[{Password=Test@5654, UserName=harshitaTest456}]]>
              </value>
            </param>
          </params>
          <reporter-output>
          </reporter-output>
        </test-method> <!-- TC_01 -->
        <test-method status="PASS" signature="pageObjectsDeinitialisation()[pri:0, instance:com.harshita.selenium.testcases.HomePageTest@520a3426]" name="pageObjectsDeinitialisation" is-config="true" duration-ms="126" started-at="2021-10-13T08:52:10 IST" finished-at="2021-10-13T08:52:10 IST">
          <reporter-output>
          </reporter-output>
        </test-method> <!-- pageObjectsDeinitialisation -->
        <test-method status="PASS" signature="TC_02()[pri:0, instance:com.harshita.selenium.testcases.HomePageTest@520a3426]" name="TC_02" duration-ms="49711" started-at="2021-10-13T08:52:10 IST" finished-at="2021-10-13T08:52:59 IST">
          <reporter-output>
          </reporter-output>
        </test-method> <!-- TC_02 -->
        <test-method status="PASS" signature="pageObjectsDeinitialisation()[pri:0, instance:com.harshita.selenium.testcases.HomePageTest@520a3426]" name="pageObjectsDeinitialisation" is-config="true" duration-ms="349" started-at="2021-10-13T08:52:59 IST" finished-at="2021-10-13T08:53:00 IST">
          <reporter-output>
          </reporter-output>
        </test-method> <!-- pageObjectsDeinitialisation -->
        <test-method status="PASS" signature="driverDeinitialisation()[pri:0, instance:com.harshita.selenium.testcases.HomePageTest@520a3426]" name="driverDeinitialisation" is-config="true" duration-ms="1021" started-at="2021-10-13T08:53:00 IST" finished-at="2021-10-13T08:53:01 IST">
          <reporter-output>
          </reporter-output>
        </test-method> <!-- driverDeinitialisation -->
      </class> <!-- com.harshita.selenium.testcases.HomePageTest -->
    </test> <!-- Command line test -->
  </suite> <!-- com.harshita.selenium.testcases.HomePageTest -->
</testng-results>
