<?xml version="1.0" encoding="UTF-8"?>
<testng-results skipped="0" failed="1" ignored="0" total="3" passed="2">
  <reporter-output>
  </reporter-output>
  <suite name="Automated_TestSuite" duration-ms="94645" started-at="2021-10-13T08:57:13 IST" finished-at="2021-10-13T08:58:48 IST">
    <groups>
    </groups>
    <test name="TestSuite" duration-ms="94645" started-at="2021-10-13T08:57:13 IST" finished-at="2021-10-13T08:58:48 IST">
      <class name="com.harshita.selenium.testcases.HomePageTest">
        <test-method status="FAIL" signature="TC_01(java.util.Hashtable)[pri:0, instance:com.harshita.selenium.testcases.HomePageTest@1500955a]" name="TC_01" duration-ms="25498" started-at="2021-10-13T08:57:14 IST" data-provider="TC_001DataProvider" finished-at="2021-10-13T08:57:40 IST">
          <params>
            <param index="0">
              <value>
                <![CDATA[{Password=Test@5654, UserName=harshitaTest123}]]>
              </value>
            </param>
          </params>
          <exception class="java.lang.AssertionError">
            <message>
              <![CDATA[expected [Email should be present in the account] but found [There is no email in the account]]]>
            </message>
            <full-stacktrace>
              <![CDATA[java.lang.AssertionError: expected [Email should be present in the account] but found [There is no email in the account]
at org.testng.Assert.fail(Assert.java:99)
at org.testng.Assert.failNotEquals(Assert.java:1037)
at org.testng.Assert.assertEqualsImpl(Assert.java:140)
at org.testng.Assert.assertEquals(Assert.java:122)
at org.testng.Assert.assertEquals(Assert.java:629)
at org.testng.Assert.assertEquals(Assert.java:639)
at com.harshita.selenium.testcases.HomePageTest.TC_01(HomePageTest.java:29)
at sun.reflect.NativeMethodAccessorImpl.invoke0(Native Method)
at sun.reflect.NativeMethodAccessorImpl.invoke(NativeMethodAccessorImpl.java:62)
at sun.reflect.DelegatingMethodAccessorImpl.invoke(DelegatingMethodAccessorImpl.java:43)
at java.lang.reflect.Method.invoke(Method.java:498)
at org.testng.internal.MethodInvocationHelper.invokeMethod(MethodInvocationHelper.java:133)
at org.testng.internal.InvokeMethodRunnable.runOne(InvokeMethodRunnable.java:45)
at org.testng.internal.InvokeMethodRunnable.call(InvokeMethodRunnable.java:73)
at org.testng.internal.InvokeMethodRunnable.call(InvokeMethodRunnable.java:11)
at java.util.concurrent.FutureTask.run(FutureTask.java:266)
at java.util.concurrent.ThreadPoolExecutor.runWorker(ThreadPoolExecutor.java:1149)
at java.util.concurrent.ThreadPoolExecutor$Worker.run(ThreadPoolExecutor.java:624)
at java.lang.Thread.run(Thread.java:748)
]]>
            </full-stacktrace>
          </exception> <!-- java.lang.AssertionError -->
          <reporter-output>
          </reporter-output>
        </test-method> <!-- TC_01 -->
        <test-method status="PASS" signature="pageObjectsDeinitialisation()[pri:0, instance:com.harshita.selenium.testcases.HomePageTest@1500955a]" name="pageObjectsDeinitialisation" is-config="true" duration-ms="377" started-at="2021-10-13T08:57:40 IST" finished-at="2021-10-13T08:57:41 IST">
          <reporter-output>
          </reporter-output>
        </test-method> <!-- pageObjectsDeinitialisation -->
        <test-method status="PASS" signature="TC_01(java.util.Hashtable)[pri:0, instance:com.harshita.selenium.testcases.HomePageTest@1500955a]" name="TC_01" duration-ms="16057" started-at="2021-10-13T08:57:41 IST" data-provider="TC_001DataProvider" finished-at="2021-10-13T08:57:57 IST">
          <params>
            <param index="0">
              <value>
                <![CDATA[{Password=Test@5654, UserName=harshitaTest456}]]>
              </value>
            </param>
          </params>
          <reporter-output>
          </reporter-output>
        </test-method> <!-- TC_01 -->
        <test-method status="PASS" signature="pageObjectsDeinitialisation()[pri:0, instance:com.harshita.selenium.testcases.HomePageTest@1500955a]" name="pageObjectsDeinitialisation" is-config="true" duration-ms="339" started-at="2021-10-13T08:57:57 IST" finished-at="2021-10-13T08:57:57 IST">
          <reporter-output>
          </reporter-output>
        </test-method> <!-- pageObjectsDeinitialisation -->
        <test-method status="PASS" signature="TC_02()[pri:0, instance:com.harshita.selenium.testcases.HomePageTest@1500955a]" name="TC_02" duration-ms="50206" started-at="2021-10-13T08:57:57 IST" finished-at="2021-10-13T08:58:47 IST">
          <reporter-output>
          </reporter-output>
        </test-method> <!-- TC_02 -->
        <test-method status="PASS" signature="pageObjectsDeinitialisation()[pri:0, instance:com.harshita.selenium.testcases.HomePageTest@1500955a]" name="pageObjectsDeinitialisation" is-config="true" duration-ms="483" started-at="2021-10-13T08:58:47 IST" finished-at="2021-10-13T08:58:48 IST">
          <reporter-output>
          </reporter-output>
        </test-method> <!-- pageObjectsDeinitialisation -->
        <test-method status="PASS" signature="driverDeinitialisation()[pri:0, instance:com.harshita.selenium.testcases.HomePageTest@1500955a]" name="driverDeinitialisation" is-config="true" duration-ms="1033" started-at="2021-10-13T08:58:48 IST" finished-at="2021-10-13T08:58:49 IST">
          <reporter-output>
          </reporter-output>
        </test-method> <!-- driverDeinitialisation -->
      </class> <!-- com.harshita.selenium.testcases.HomePageTest -->
    </test> <!-- TestSuite -->
  </suite> <!-- Automated_TestSuite -->
</testng-results>
