<?xml version="1.0" encoding="UTF-8"?>
<!-- Generated by org.testng.reporters.JUnitXMLReporter -->
<testsuite hostname="Harshita4452.local" ignored="0" name="TestSuite" tests="3" failures="1" timestamp="2021-10-13T08:58:48 IST" time="94.645" errors="0">
  <testcase name="TC_01" time="25.498" classname="com.harshita.selenium.testcases.HomePageTest">
    <failure type="java.lang.AssertionError" message="expected [Email should be present in the account] but found [There is no email in the account]">
      <![CDATA[java.lang.AssertionError: expected [Email should be present in the account] but found [There is no email in the account]
at com.harshita.selenium.testcases.HomePageTest.TC_01(HomePageTest.java:29)
at java.util.concurrent.FutureTask.run(FutureTask.java:266)
at java.util.concurrent.ThreadPoolExecutor.runWorker(ThreadPoolExecutor.java:1149)
at java.util.concurrent.ThreadPoolExecutor$Worker.run(ThreadPoolExecutor.java:624)
at java.lang.Thread.run(Thread.java:748)
... Removed 14 stack frames]]>
    </failure>
  </testcase> <!-- TC_01 -->
  <testcase name="TC_01" time="16.057" classname="com.harshita.selenium.testcases.HomePageTest"/>
  <testcase name="TC_02" time="50.206" classname="com.harshita.selenium.testcases.HomePageTest"/>
</testsuite> <!-- TestSuite -->
